<?xml version="1.0" encoding="UTF-8"?>
<!-- Generated by org.testng.reporters.JUnitReportReporter -->
<testsuite skipped="0" hostname="LAPTOP-OI1D9TEA" name="com.lemon.testNG.DataProviderWork" tests="5" failures="0" timestamp="24 三月 2020 06:52:46 GMT" time="0.010" errors="0">
  <testcase name="test" time="0.001" classname="com.lemon.testNG.DataProviderWork"/>
  <testcase name="test" time="0.000" classname="com.lemon.testNG.DataProviderWork"/>
  <testcase name="test" time="0.007" classname="com.lemon.testNG.DataProviderWork"/>
  <testcase name="test" time="0.001" classname="com.lemon.testNG.DataProviderWork"/>
  <testcase name="test" time="0.001" classname="com.lemon.testNG.DataProviderWork"/>
</testsuite> <!-- com.lemon.testNG.DataProviderWork -->
