<?xml version="1.0" encoding="UTF-8"?>
<!-- Generated by org.testng.reporters.JUnitReportReporter -->
<testsuite skipped="0" hostname="LAPTOP-OI1D9TEA" name="com.lemon.cases.RegisterCase" tests="6" failures="0" timestamp="17 四月 2020 14:11:04 GMT" time="2.622" errors="0">
  <testcase name="test" time="0.082" classname="com.lemon.cases.RegisterCase"/>
  <testcase name="test" time="0.285" classname="com.lemon.cases.RegisterCase"/>
  <testcase name="test" time="0.915" classname="com.lemon.cases.RegisterCase"/>
  <testcase name="test" time="1.135" classname="com.lemon.cases.RegisterCase"/>
  <testcase name="test" time="0.093" classname="com.lemon.cases.RegisterCase"/>
  <testcase name="test" time="0.112" classname="com.lemon.cases.RegisterCase"/>
</testsuite> <!-- com.lemon.cases.RegisterCase -->
