<?xml version="1.0" encoding="UTF-8"?>
<!-- Generated by org.testng.reporters.JUnitReportReporter -->
<testsuite skipped="0" hostname="LAPTOP-OI1D9TEA" name="com.lemon.cases.RechargeCase" tests="5" failures="0" timestamp="17 四月 2020 14:11:04 GMT" time="1.164" errors="0">
  <testcase name="test" time="0.092" classname="com.lemon.cases.RechargeCase"/>
  <testcase name="test" time="0.102" classname="com.lemon.cases.RechargeCase"/>
  <testcase name="test" time="0.782" classname="com.lemon.cases.RechargeCase"/>
  <testcase name="test" time="0.106" classname="com.lemon.cases.RechargeCase"/>
  <testcase name="test" time="0.082" classname="com.lemon.cases.RechargeCase"/>
</testsuite> <!-- com.lemon.cases.RechargeCase -->
