<?xml version="1.0" encoding="UTF-8"?>
<!-- Generated by org.testng.reporters.JUnitReportReporter -->
<testsuite skipped="0" hostname="LAPTOP-OI1D9TEA" name="com.lemon.testNG.BeforeAnnotationWork" tests="1" failures="0" timestamp="24 三月 2020 07:02:20 GMT" time="0.006" errors="0">
  <testcase name="test" time="0.006" classname="com.lemon.testNG.BeforeAnnotationWork"/>
</testsuite> <!-- com.lemon.testNG.BeforeAnnotationWork -->
