<?xml version="1.0" encoding="UTF-8"?>
<!-- Generated by org.testng.reporters.JUnitReportReporter -->
<testsuite skipped="0" hostname="LAPTOP-OI1D9TEA" name="com.lemon.testNG.TestNG" tests="2" failures="0" timestamp="23 三月 2020 14:00:41 GMT" time="0.009" errors="0">
  <testcase name="aMethod" time="0.001" classname="com.lemon.testNG.TestNG"/>
  <testcase name="test" time="0.008" classname="com.lemon.testNG.TestNG"/>
</testsuite> <!-- com.lemon.testNG.TestNG -->
