<?xml version="1.0" encoding="UTF-8"?>
<!-- Generated by org.testng.reporters.JUnitReportReporter -->
<testsuite skipped="0" hostname="LAPTOP-OI1D9TEA" name="com.lemon.testNG.NewTest" tests="3" failures="0" timestamp="23 三月 2020 13:55:01 GMT" time="0.004" errors="0">
  <testcase name="f" time="0.003" classname="com.lemon.testNG.NewTest"/>
  <testcase name="f" time="0.000" classname="com.lemon.testNG.NewTest"/>
  <testcase name="f" time="0.001" classname="com.lemon.testNG.NewTest"/>
</testsuite> <!-- com.lemon.testNG.NewTest -->
