<?xml version="1.0" encoding="UTF-8"?>
<!-- Generated by org.testng.reporters.JUnitReportReporter -->
<testsuite skipped="0" hostname="LAPTOP-OI1D9TEA" name="com.lemon.testNG.Test2" tests="1" failures="0" timestamp="24 三月 2020 07:02:20 GMT" time="0.002" errors="0">
  <testcase name="f" time="0.002" classname="com.lemon.testNG.Test2"/>
</testsuite> <!-- com.lemon.testNG.Test2 -->
