<?xml version="1.0" encoding="UTF-8"?>
<!-- Generated by org.testng.reporters.JUnitReportReporter -->
<testsuite skipped="0" hostname="LAPTOP-OI1D9TEA" name="com.lemon.testNG.DataProviderDemo" tests="2" failures="0" timestamp="23 三月 2020 15:42:48 GMT" time="0.008" errors="0">
  <testcase name="test" time="0.001" classname="com.lemon.testNG.DataProviderDemo"/>
  <testcase name="test" time="0.007" classname="com.lemon.testNG.DataProviderDemo"/>
</testsuite> <!-- com.lemon.testNG.DataProviderDemo -->
