<?xml version="1.0" encoding="UTF-8"?>
<!-- Generated by org.testng.reporters.JUnitReportReporter -->
<testsuite skipped="0" hostname="LAPTOP-OI1D9TEA" name="com.lemon.cases.LoginCase" tests="5" failures="0" timestamp="17 四月 2020 14:11:04 GMT" time="1.326" errors="0">
  <testcase name="test" time="0.338" classname="com.lemon.cases.LoginCase"/>
  <testcase name="test" time="0.156" classname="com.lemon.cases.LoginCase"/>
  <testcase name="test" time="0.116" classname="com.lemon.cases.LoginCase"/>
  <testcase name="test" time="0.361" classname="com.lemon.cases.LoginCase"/>
  <testcase name="test" time="0.355" classname="com.lemon.cases.LoginCase"/>
</testsuite> <!-- com.lemon.cases.LoginCase -->
