<?xml version="1.0" encoding="UTF-8"?>
<!-- Generated by org.testng.reporters.JUnitReportReporter -->
<testsuite skipped="0" hostname="LAPTOP-OI1D9TEA" name="com.lemon.testNG.Test1" tests="3" failures="0" timestamp="23 三月 2020 15:16:20 GMT" time="0.007" errors="0">
  <testcase name="f" time="0.002" classname="com.lemon.testNG.Test1"/>
  <testcase name="f" time="0.001" classname="com.lemon.testNG.Test1"/>
  <testcase name="f" time="0.004" classname="com.lemon.testNG.Test1"/>
</testsuite> <!-- com.lemon.testNG.Test1 -->
