<?xml version="1.0" encoding="UTF-8"?>
<!-- Generated by org.testng.reporters.JUnitReportReporter -->
<testsuite skipped="0" hostname="LAPTOP-OI1D9TEA" name="com.lemon.testNG.Test3" tests="2" failures="0" timestamp="10 四月 2020 03:59:27 GMT" time="0.003" errors="0">
  <testcase name="aMethod" time="0.001" classname="com.lemon.testNG.Test3"/>
  <testcase name="test" time="0.002" classname="com.lemon.testNG.Test3"/>
</testsuite> <!-- com.lemon.testNG.Test3 -->
