<?xml version="1.0" encoding="UTF-8"?>
<!-- Generated by org.testng.reporters.JUnitReportReporter -->
<testsuite skipped="0" hostname="LAPTOP-OI1D9TEA" name="com.lemon.testNG.DataProviderGenericDemo" tests="3" failures="0" timestamp="24 三月 2020 06:18:50 GMT" time="0.013" errors="0">
  <testcase name="test" time="0.002" classname="com.lemon.testNG.DataProviderGenericDemo"/>
  <testcase name="test" time="0.010" classname="com.lemon.testNG.DataProviderGenericDemo"/>
  <testcase name="test" time="0.001" classname="com.lemon.testNG.DataProviderGenericDemo"/>
</testsuite> <!-- com.lemon.testNG.DataProviderGenericDemo -->
